{"contracts\\Option.sol":{"l":{"140":26,"141":23,"145":11,"146":10,"150":48,"151":48,"159":11,"162":11,"163":11,"170":2,"172":1,"174":1,"175":1,"182":9,"184":9,"186":9,"188":9,"190":8,"192":8,"195":8,"198":7,"199":7,"200":7,"201":7,"202":7,"203":7,"204":7,"207":7,"214":7,"216":6,"221":4,"222":3,"224":2,"225":2,"226":2,"227":2,"230":2,"241":10,"242":10,"250":10,"251":10,"260":2,"261":2,"262":2,"264":2},"path":"C:\\Users\\Aleksandr\\Desktop\\учёба\\BlockChain\\hardhat-option\\contracts\\Option.sol","s":{"1":26,"2":11,"3":48,"4":48,"5":11,"6":11,"7":11,"8":2,"9":1,"10":1,"11":1,"12":9,"13":9,"14":9,"15":9,"16":8,"17":8,"18":8,"19":7,"20":7,"21":7,"22":7,"23":7,"24":7,"25":7,"26":7,"27":6,"28":4,"29":3,"30":2,"31":2,"32":2,"33":2,"34":2,"35":10,"36":10,"37":10,"38":10,"39":2,"40":2,"41":2,"42":2},"b":{"1":[23,3],"2":[10,1],"3":[1,1],"4":[9,0],"5":[9,0],"6":[8,1],"7":[8,0],"8":[6,1],"9":[4,2],"10":[3,1],"11":[2,1]},"f":{"1":26,"2":11,"3":48,"4":11,"5":2,"6":9,"7":7,"8":10,"9":10,"10":2},"fnMap":{"1":{"name":"onlyOwner","line":139,"loc":{"start":{"line":139,"column":4},"end":{"line":142,"column":4}}},"2":{"name":"onlyBack","line":144,"loc":{"start":{"line":144,"column":4},"end":{"line":147,"column":4}}},"3":{"name":"constructor","line":149,"loc":{"start":{"line":149,"column":4},"end":{"line":152,"column":4}}},"4":{"name":"addLiquidity","line":157,"loc":{"start":{"line":157,"column":4},"end":{"line":164,"column":4}}},"5":{"name":"removeLiquidity","line":168,"loc":{"start":{"line":168,"column":4},"end":{"line":176,"column":4}}},"6":{"name":"buyEthPutOption","line":181,"loc":{"start":{"line":181,"column":4},"end":{"line":208,"column":4}}},"7":{"name":"releasePutOption","line":212,"loc":{"start":{"line":212,"column":4},"end":{"line":231,"column":4}}},"8":{"name":"setPrice","line":239,"loc":{"start":{"line":239,"column":4},"end":{"line":243,"column":4}}},"9":{"name":"setOptionPrice","line":249,"loc":{"start":{"line":249,"column":4},"end":{"line":252,"column":4}}},"10":{"name":"UniswapChangeEthForDAI","line":259,"loc":{"start":{"line":259,"column":4},"end":{"line":275,"column":4}}}},"statementMap":{"1":{"start":{"line":140,"column":8},"end":{"line":140,"column":49}},"2":{"start":{"line":145,"column":8},"end":{"line":145,"column":47}},"3":{"start":{"line":150,"column":8},"end":{"line":150,"column":25}},"4":{"start":{"line":151,"column":8},"end":{"line":151,"column":19}},"5":{"start":{"line":159,"column":8},"end":{"line":159,"column":80}},"6":{"start":{"line":162,"column":8},"end":{"line":162,"column":28}},"7":{"start":{"line":163,"column":8},"end":{"line":163,"column":33}},"8":{"start":{"line":170,"column":8},"end":{"line":170,"column":74}},"9":{"start":{"line":172,"column":8},"end":{"line":172,"column":80}},"10":{"start":{"line":174,"column":8},"end":{"line":174,"column":28}},"11":{"start":{"line":175,"column":8},"end":{"line":175,"column":36}},"12":{"start":{"line":182,"column":8},"end":{"line":182,"column":81}},"13":{"start":{"line":184,"column":8},"end":{"line":184,"column":53}},"14":{"start":{"line":186,"column":8},"end":{"line":186,"column":29}},"15":{"start":{"line":188,"column":8},"end":{"line":188,"column":92}},"16":{"start":{"line":190,"column":8},"end":{"line":190,"column":66}},"17":{"start":{"line":192,"column":8},"end":{"line":192,"column":36}},"18":{"start":{"line":195,"column":8},"end":{"line":195,"column":90}},"19":{"start":{"line":198,"column":8},"end":{"line":198,"column":30}},"20":{"start":{"line":199,"column":8},"end":{"line":199,"column":44}},"21":{"start":{"line":200,"column":8},"end":{"line":200,"column":42}},"22":{"start":{"line":201,"column":8},"end":{"line":201,"column":46}},"23":{"start":{"line":202,"column":8},"end":{"line":202,"column":68}},"24":{"start":{"line":203,"column":8},"end":{"line":203,"column":40}},"25":{"start":{"line":207,"column":8},"end":{"line":207,"column":29}},"26":{"start":{"line":214,"column":8},"end":{"line":214,"column":94}},"27":{"start":{"line":216,"column":8},"end":{"line":216,"column":7818}},"28":{"start":{"line":221,"column":8},"end":{"line":221,"column":74}},"29":{"start":{"line":222,"column":8},"end":{"line":222,"column":58}},"30":{"start":{"line":224,"column":8},"end":{"line":224,"column":82}},"31":{"start":{"line":225,"column":8},"end":{"line":225,"column":37}},"32":{"start":{"line":226,"column":8},"end":{"line":226,"column":59}},"33":{"start":{"line":227,"column":8},"end":{"line":227,"column":24}},"34":{"start":{"line":230,"column":8},"end":{"line":230,"column":31}},"35":{"start":{"line":241,"column":8},"end":{"line":241,"column":23}},"36":{"start":{"line":242,"column":8},"end":{"line":242,"column":34}},"37":{"start":{"line":250,"column":8},"end":{"line":250,"column":35}},"38":{"start":{"line":251,"column":8},"end":{"line":251,"column":46}},"39":{"start":{"line":260,"column":8},"end":{"line":260,"column":49}},"40":{"start":{"line":261,"column":8},"end":{"line":261,"column":30}},"41":{"start":{"line":262,"column":8},"end":{"line":262,"column":31}},"42":{"start":{"line":264,"column":8},"end":{"line":264,"column":9783}}},"branchMap":{"1":{"line":140,"type":"if","locations":[{"start":{"line":140,"column":8},"end":{"line":140,"column":8}},{"start":{"line":140,"column":8},"end":{"line":140,"column":8}}]},"2":{"line":145,"type":"if","locations":[{"start":{"line":145,"column":8},"end":{"line":145,"column":8}},{"start":{"line":145,"column":8},"end":{"line":145,"column":8}}]},"3":{"line":170,"type":"if","locations":[{"start":{"line":170,"column":8},"end":{"line":170,"column":8}},{"start":{"line":170,"column":8},"end":{"line":170,"column":8}}]},"4":{"line":182,"type":"if","locations":[{"start":{"line":182,"column":8},"end":{"line":182,"column":8}},{"start":{"line":182,"column":8},"end":{"line":182,"column":8}}]},"5":{"line":186,"type":"if","locations":[{"start":{"line":186,"column":8},"end":{"line":186,"column":8}},{"start":{"line":186,"column":8},"end":{"line":186,"column":8}}]},"6":{"line":188,"type":"if","locations":[{"start":{"line":188,"column":8},"end":{"line":188,"column":8}},{"start":{"line":188,"column":8},"end":{"line":188,"column":8}}]},"7":{"line":192,"type":"if","locations":[{"start":{"line":192,"column":8},"end":{"line":192,"column":8}},{"start":{"line":192,"column":8},"end":{"line":192,"column":8}}]},"8":{"line":214,"type":"if","locations":[{"start":{"line":214,"column":8},"end":{"line":214,"column":8}},{"start":{"line":214,"column":8},"end":{"line":214,"column":8}}]},"9":{"line":216,"type":"if","locations":[{"start":{"line":216,"column":8},"end":{"line":216,"column":8}},{"start":{"line":216,"column":8},"end":{"line":216,"column":8}}]},"10":{"line":221,"type":"if","locations":[{"start":{"line":221,"column":8},"end":{"line":221,"column":8}},{"start":{"line":221,"column":8},"end":{"line":221,"column":8}}]},"11":{"line":222,"type":"if","locations":[{"start":{"line":222,"column":8},"end":{"line":222,"column":8}},{"start":{"line":222,"column":8},"end":{"line":222,"column":8}}]}}}}