{
"contracts\\Interfaces\\IUniswapV2Router01.sol":{"l":{},"path":"C:\\Users\\Aleksandr\\Desktop\\учёба\\BlockChain\\hardhat-option\\contracts\\Interfaces\\IUniswapV2Router01.sol","s":{},"b":{},"f":{},"fnMap":{},"statementMap":{},"branchMap":{}},
"contracts\\Option.sol":{"l":{"45":12,"48":12,"49":12,"56":2,"58":1,"60":1,"61":1,"68":10,"70":9,"72":9,"74":9,"76":8,"78":8,"81":8,"84":7,"85":7,"86":7,"87":7,"88":7,"89":7,"90":7,"93":7,"100":7,"102":6,"107":4,"108":3,"110":2,"111":2,"112":2,"113":2,"116":2,"130":2,"131":2,"132":2,"134":2},"path":"C:\\Users\\Aleksandr\\Desktop\\учёба\\BlockChain\\hardhat-option\\contracts\\Option.sol","s":{"1":12,"2":12,"3":12,"4":2,"5":1,"6":1,"7":1,"8":10,"9":9,"10":9,"11":9,"12":8,"13":8,"14":8,"15":7,"16":7,"17":7,"18":7,"19":7,"20":7,"21":7,"22":7,"23":6,"24":4,"25":3,"26":2,"27":2,"28":2,"29":2,"30":2,"31":2,"32":2,"33":2,"34":2},"b":{"1":[1,1],"2":[9,1],"3":[9,0],"4":[8,1],"5":[8,0],"6":[6,1],"7":[4,2],"8":[3,1],"9":[2,1]},"f":{"1":51,"2":12,"3":2,"4":10,"5":7,"6":2},"fnMap":{"1":{"name":"constructor","line":37,"loc":{"start":{"line":37,"column":4},"end":{"line":38,"column":4}}},"2":{"name":"addLiquidity","line":43,"loc":{"start":{"line":43,"column":4},"end":{"line":50,"column":4}}},"3":{"name":"removeLiquidity","line":54,"loc":{"start":{"line":54,"column":4},"end":{"line":62,"column":4}}},"4":{"name":"buyEthPutOption","line":67,"loc":{"start":{"line":67,"column":4},"end":{"line":94,"column":4}}},"5":{"name":"releasePutOption","line":98,"loc":{"start":{"line":98,"column":4},"end":{"line":117,"column":4}}},"6":{"name":"UniswapChangeEthForDAI","line":129,"loc":{"start":{"line":129,"column":4},"end":{"line":145,"column":4}}}},"statementMap":{"1":{"start":{"line":45,"column":8},"end":{"line":45,"column":80}},"2":{"start":{"line":48,"column":8},"end":{"line":48,"column":28}},"3":{"start":{"line":49,"column":8},"end":{"line":49,"column":33}},"4":{"start":{"line":56,"column":8},"end":{"line":56,"column":74}},"5":{"start":{"line":58,"column":8},"end":{"line":58,"column":80}},"6":{"start":{"line":60,"column":8},"end":{"line":60,"column":28}},"7":{"start":{"line":61,"column":8},"end":{"line":61,"column":36}},"8":{"start":{"line":68,"column":8},"end":{"line":68,"column":82}},"9":{"start":{"line":70,"column":8},"end":{"line":70,"column":53}},"10":{"start":{"line":72,"column":8},"end":{"line":72,"column":29}},"11":{"start":{"line":74,"column":8},"end":{"line":74,"column":92}},"12":{"start":{"line":76,"column":8},"end":{"line":76,"column":66}},"13":{"start":{"line":78,"column":8},"end":{"line":78,"column":36}},"14":{"start":{"line":81,"column":8},"end":{"line":81,"column":90}},"15":{"start":{"line":84,"column":8},"end":{"line":84,"column":30}},"16":{"start":{"line":85,"column":8},"end":{"line":85,"column":44}},"17":{"start":{"line":86,"column":8},"end":{"line":86,"column":42}},"18":{"start":{"line":87,"column":8},"end":{"line":87,"column":46}},"19":{"start":{"line":88,"column":8},"end":{"line":88,"column":68}},"20":{"start":{"line":89,"column":8},"end":{"line":89,"column":40}},"21":{"start":{"line":93,"column":8},"end":{"line":93,"column":29}},"22":{"start":{"line":100,"column":8},"end":{"line":100,"column":94}},"23":{"start":{"line":102,"column":8},"end":{"line":102,"column":3863}},"24":{"start":{"line":107,"column":8},"end":{"line":107,"column":74}},"25":{"start":{"line":108,"column":8},"end":{"line":108,"column":58}},"26":{"start":{"line":110,"column":8},"end":{"line":110,"column":82}},"27":{"start":{"line":111,"column":8},"end":{"line":111,"column":37}},"28":{"start":{"line":112,"column":8},"end":{"line":112,"column":59}},"29":{"start":{"line":113,"column":8},"end":{"line":113,"column":24}},"30":{"start":{"line":116,"column":8},"end":{"line":116,"column":31}},"31":{"start":{"line":130,"column":8},"end":{"line":130,"column":49}},"32":{"start":{"line":131,"column":8},"end":{"line":131,"column":30}},"33":{"start":{"line":132,"column":8},"end":{"line":132,"column":31}},"34":{"start":{"line":134,"column":8},"end":{"line":134,"column":5159}}},"branchMap":{"1":{"line":56,"type":"if","locations":[{"start":{"line":56,"column":8},"end":{"line":56,"column":8}},{"start":{"line":56,"column":8},"end":{"line":56,"column":8}}]},"2":{"line":68,"type":"if","locations":[{"start":{"line":68,"column":8},"end":{"line":68,"column":8}},{"start":{"line":68,"column":8},"end":{"line":68,"column":8}}]},"3":{"line":72,"type":"if","locations":[{"start":{"line":72,"column":8},"end":{"line":72,"column":8}},{"start":{"line":72,"column":8},"end":{"line":72,"column":8}}]},"4":{"line":74,"type":"if","locations":[{"start":{"line":74,"column":8},"end":{"line":74,"column":8}},{"start":{"line":74,"column":8},"end":{"line":74,"column":8}}]},"5":{"line":78,"type":"if","locations":[{"start":{"line":78,"column":8},"end":{"line":78,"column":8}},{"start":{"line":78,"column":8},"end":{"line":78,"column":8}}]},"6":{"line":100,"type":"if","locations":[{"start":{"line":100,"column":8},"end":{"line":100,"column":8}},{"start":{"line":100,"column":8},"end":{"line":100,"column":8}}]},"7":{"line":102,"type":"if","locations":[{"start":{"line":102,"column":8},"end":{"line":102,"column":8}},{"start":{"line":102,"column":8},"end":{"line":102,"column":8}}]},"8":{"line":107,"type":"if","locations":[{"start":{"line":107,"column":8},"end":{"line":107,"column":8}},{"start":{"line":107,"column":8},"end":{"line":107,"column":8}}]},"9":{"line":108,"type":"if","locations":[{"start":{"line":108,"column":8},"end":{"line":108,"column":8}},{"start":{"line":108,"column":8},"end":{"line":108,"column":8}}]}}},
"contracts\\OptionAdministration.sol":{"l":{"16":12,"17":11,"21":51,"28":11,"29":11,"37":11,"38":11},"path":"C:\\Users\\Aleksandr\\Desktop\\учёба\\BlockChain\\hardhat-option\\contracts\\OptionAdministration.sol","s":{"1":12,"2":51,"3":11,"4":11,"5":11,"6":11},"b":{"1":[11,1]},"f":{"1":12,"2":51,"3":11,"4":11},"fnMap":{"1":{"name":"onlyBack","line":15,"loc":{"start":{"line":15,"column":4},"end":{"line":18,"column":4}}},"2":{"name":"constructor","line":20,"loc":{"start":{"line":20,"column":4},"end":{"line":22,"column":4}}},"3":{"name":"setPrice","line":26,"loc":{"start":{"line":26,"column":4},"end":{"line":30,"column":4}}},"4":{"name":"setOptionPrice","line":36,"loc":{"start":{"line":36,"column":4},"end":{"line":39,"column":4}}}},"statementMap":{"1":{"start":{"line":16,"column":8},"end":{"line":16,"column":47}},"2":{"start":{"line":21,"column":8},"end":{"line":21,"column":19}},"3":{"start":{"line":28,"column":8},"end":{"line":28,"column":23}},"4":{"start":{"line":29,"column":8},"end":{"line":29,"column":34}},"5":{"start":{"line":37,"column":8},"end":{"line":37,"column":35}},"6":{"start":{"line":38,"column":8},"end":{"line":38,"column":46}}},"branchMap":{"1":{"line":16,"type":"if","locations":[{"start":{"line":16,"column":8},"end":{"line":16,"column":8}},{"start":{"line":16,"column":8},"end":{"line":16,"column":8}}]}}}}
