TN:
SF:C:\Users\Aleksandr\Desktop\учёба\BlockChain\hardhat-option\contracts\Interfaces\IUniswapV2Router01.sol
FNF:0
FNH:0
LF:0
LH:0
BRF:0
BRH:0
end_of_record
TN:
SF:C:\Users\Aleksandr\Desktop\учёба\BlockChain\hardhat-option\contracts\Option.sol
FN:37,constructor
FN:43,addLiquidity
FN:54,removeLiquidity
FN:67,buyEthPutOption
FN:98,releasePutOption
FN:129,UniswapChangeEthForDAI
FNF:6
FNH:6
FNDA:51,constructor
FNDA:12,addLiquidity
FNDA:2,removeLiquidity
FNDA:10,buyEthPutOption
FNDA:7,releasePutOption
FNDA:2,UniswapChangeEthForDAI
DA:45,12
DA:48,12
DA:49,12
DA:56,2
DA:58,1
DA:60,1
DA:61,1
DA:68,10
DA:70,9
DA:72,9
DA:74,9
DA:76,8
DA:78,8
DA:81,8
DA:84,7
DA:85,7
DA:86,7
DA:87,7
DA:88,7
DA:89,7
DA:90,7
DA:93,7
DA:100,7
DA:102,6
DA:107,4
DA:108,3
DA:110,2
DA:111,2
DA:112,2
DA:113,2
DA:116,2
DA:130,2
DA:131,2
DA:132,2
DA:134,2
LF:35
LH:35
BRDA:56,1,0,1
BRDA:56,1,1,1
BRDA:68,2,0,9
BRDA:68,2,1,1
BRDA:72,3,0,9
BRDA:72,3,1,0
BRDA:74,4,0,8
BRDA:74,4,1,1
BRDA:78,5,0,8
BRDA:78,5,1,0
BRDA:100,6,0,6
BRDA:100,6,1,1
BRDA:102,7,0,4
BRDA:102,7,1,2
BRDA:107,8,0,3
BRDA:107,8,1,1
BRDA:108,9,0,2
BRDA:108,9,1,1
BRF:18
BRH:16
end_of_record
TN:
SF:C:\Users\Aleksandr\Desktop\учёба\BlockChain\hardhat-option\contracts\OptionAdministration.sol
FN:15,onlyBack
FN:20,constructor
FN:26,setPrice
FN:36,setOptionPrice
FNF:4
FNH:4
FNDA:12,onlyBack
FNDA:51,constructor
FNDA:11,setPrice
FNDA:11,setOptionPrice
DA:16,12
DA:17,11
DA:21,51
DA:28,11
DA:29,11
DA:37,11
DA:38,11
LF:7
LH:7
BRDA:16,1,0,11
BRDA:16,1,1,1
BRF:2
BRH:2
end_of_record
