TN:
SF:C:\Users\Aleksandr\Desktop\учёба\BlockChain\hardhat-option\contracts\Option.sol
FN:139,onlyOwner
FN:144,onlyBack
FN:149,constructor
FN:157,addLiquidity
FN:168,removeLiquidity
FN:181,buyEthPutOption
FN:212,releasePutOption
FN:239,setPrice
FN:249,setOptionPrice
FN:259,UniswapChangeEthForDAI
FNF:10
FNH:10
FNDA:26,onlyOwner
FNDA:11,onlyBack
FNDA:48,constructor
FNDA:11,addLiquidity
FNDA:2,removeLiquidity
FNDA:9,buyEthPutOption
FNDA:7,releasePutOption
FNDA:10,setPrice
FNDA:10,setOptionPrice
FNDA:2,UniswapChangeEthForDAI
DA:140,26
DA:141,23
DA:145,11
DA:146,10
DA:150,48
DA:151,48
DA:159,11
DA:162,11
DA:163,11
DA:170,2
DA:172,1
DA:174,1
DA:175,1
DA:182,9
DA:184,9
DA:186,9
DA:188,9
DA:190,8
DA:192,8
DA:195,8
DA:198,7
DA:199,7
DA:200,7
DA:201,7
DA:202,7
DA:203,7
DA:204,7
DA:207,7
DA:214,7
DA:216,6
DA:221,4
DA:222,3
DA:224,2
DA:225,2
DA:226,2
DA:227,2
DA:230,2
DA:241,10
DA:242,10
DA:250,10
DA:251,10
DA:260,2
DA:261,2
DA:262,2
DA:264,2
LF:45
LH:45
BRDA:140,1,0,23
BRDA:140,1,1,3
BRDA:145,2,0,10
BRDA:145,2,1,1
BRDA:170,3,0,1
BRDA:170,3,1,1
BRDA:182,4,0,9
BRDA:182,4,1,0
BRDA:186,5,0,9
BRDA:186,5,1,0
BRDA:188,6,0,8
BRDA:188,6,1,1
BRDA:192,7,0,8
BRDA:192,7,1,0
BRDA:214,8,0,6
BRDA:214,8,1,1
BRDA:216,9,0,4
BRDA:216,9,1,2
BRDA:221,10,0,3
BRDA:221,10,1,1
BRDA:222,11,0,2
BRDA:222,11,1,1
BRF:22
BRH:19
end_of_record
